<?xml version="1.0" encoding="UTF-8" ?>
<testsuite tests="2" failures="0" name="modelo.BooleanQuestionTest" time="0" errors="0" skipped="0">
  <properties>
    <property name="java.runtime.name" value="OpenJDK Runtime Environment"/>
    <property name="java.vm.version" value="11.0.4+10-b304.77"/>
    <property name="sun.boot.library.path" value="D:\IntelliJ IDEA 2019.2.3\jbr\bin"/>
    <property name="maven.multiModuleProjectDirectory" value="C:\Users\Mateo\Desktop\Kahoot"/>
    <property name="java.vm.vendor" value="JetBrains s.r.o"/>
    <property name="java.vendor.url" value="https://www.jetbrains.com/"/>
    <property name="guice.disable.misplaced.annotation.check" value="true"/>
    <property name="path.separator" value=";"/>
    <property name="java.vm.name" value="OpenJDK 64-Bit Server VM"/>
    <property name="sun.os.patch.level" value=""/>
    <property name="user.script" value=""/>
    <property name="user.country" value="AR"/>
    <property name="sun.java.launcher" value="SUN_STANDARD"/>
    <property name="java.vm.specification.name" value="Java Virtual Machine Specification"/>
    <property name="user.dir" value="C:\Users\Mateo\Desktop\Kahoot"/>
    <property name="java.vm.compressedOopsMode" value="Zero based"/>
    <property name="java.runtime.version" value="11.0.4+10-b304.77"/>
    <property name="java.awt.graphicsenv" value="sun.awt.Win32GraphicsEnvironment"/>
    <property name="os.arch" value="amd64"/>
    <property name="java.io.tmpdir" value="C:\Users\Mateo\AppData\Local\Temp\"/>
    <property name="line.separator" value="
"/>
    <property name="java.vm.specification.vendor" value="Oracle Corporation"/>
    <property name="user.variant" value=""/>
    <property name="os.name" value="Windows 10"/>
    <property name="maven.ext.class.path" value="D:\IntelliJ IDEA 2019.2.3\plugins\maven\lib\maven-event-listener.jar"/>
    <property name="classworlds.conf" value="D:\IntelliJ IDEA 2019.2.3\plugins\maven\lib\maven3\bin\m2.conf"/>
    <property name="sun.jnu.encoding" value="Cp1252"/>
    <property name="java.library.path" value="D:\IntelliJ IDEA 2019.2.3\jbr\bin;C:\WINDOWS\Sun\Java\bin;C:\WINDOWS\system32;C:\WINDOWS;C:\Program Files (x86)\NVIDIA Corporation\PhysX\Common;C:\WINDOWS\system32;C:\WINDOWS;C:\WINDOWS\System32\Wbem;C:\WINDOWS\System32\WindowsPowerShell\v1.0\;C:\WINDOWS\System32\OpenSSH\;D:\xampp\php;D:\composer;D:\putty\;D:\Git\cmd;D:\;D:\Go\bin;C:\Users\Mateo\Desktop\apache-maven-3.6.3\bin;C:\Users\Mateo\AppData\Local\Microsoft\WindowsApps;C:\Users\Mateo\AppData\Local\Programs\Microsoft VS Code\bin;C:\Users\Mateo\AppData\Roaming\Composer\vendor\bin;C:\Users\Mateo\AppData\Roaming\npm;C:\Users\Mateo\go\bin;D:\GoogleCloudPlatform\google-cloud-sdk\bin;D:\heroku\bin;."/>
    <property name="maven.conf" value="D:\IntelliJ IDEA 2019.2.3\plugins\maven\lib\maven3/conf"/>
    <property name="jdk.debug" value="release"/>
    <property name="java.class.version" value="55.0"/>
    <property name="java.specification.name" value="Java Platform API Specification"/>
    <property name="sun.management.compiler" value="HotSpot 64-Bit Tiered Compilers"/>
    <property name="os.version" value="10.0"/>
    <property name="user.home" value="C:\Users\Mateo"/>
    <property name="user.timezone" value="America/Buenos_Aires"/>
    <property name="java.awt.printerjob" value="sun.awt.windows.WPrinterJob"/>
    <property name="file.encoding" value="UTF-8"/>
    <property name="java.specification.version" value="11"/>
    <property name="idea.version2019.2.4" value="true"/>
    <property name="user.name" value="Mateo"/>
    <property name="java.class.path" value="D:\IntelliJ IDEA 2019.2.3\plugins\maven\lib\maven3\boot\plexus-classworlds-2.6.0.jar"/>
    <property name="java.vm.specification.version" value="11"/>
    <property name="sun.arch.data.model" value="64"/>
    <property name="sun.java.command" value="org.codehaus.classworlds.Launcher -Didea.version2019.2.4 test"/>
    <property name="java.home" value="D:\IntelliJ IDEA 2019.2.3\jbr"/>
    <property name="user.language" value="es"/>
    <property name="java.specification.vendor" value="Oracle Corporation"/>
    <property name="awt.toolkit" value="sun.awt.windows.WToolkit"/>
    <property name="java.vm.info" value="mixed mode"/>
    <property name="java.version" value="11.0.4"/>
    <property name="java.vendor" value="JetBrains s.r.o"/>
    <property name="maven.home" value="D:\IntelliJ IDEA 2019.2.3\plugins\maven\lib\maven3"/>
    <property name="file.separator" value="\"/>
    <property name="java.version.date" value="2019-07-16"/>
    <property name="java.vendor.url.bug" value="https://youtrack.jetbrains.com"/>
    <property name="sun.io.unicode.encoding" value="UnicodeLittle"/>
    <property name="sun.cpu.endian" value="little"/>
    <property name="sun.desktop" value="windows"/>
    <property name="sun.cpu.isalist" value="amd64"/>
  </properties>
  <testcase classname="modelo.BooleanQuestionTest" name="testBooleanQuestionIncreasePlayerPointsWhenOptionIsCorrect" time="0"/>
  <testcase classname="modelo.BooleanQuestionTest" name="testBooleanQuestionDontIncreasePlayerPointsWhenOptionIsIncorrect" time="0"/>
</testsuite>